<?xml version="1.0" encoding="UTF-8"?>
<!-- Generated by org.testng.reporters.JUnitReportReporter -->
<testsuite hostname="DESKTOP-5OUDOP9" failures="0" tests="1" name="Github_Project.Govardhan.allTest" time="9.046" errors="0" timestamp="2022-03-05T12:03:51 IST" skipped="0">
  <testcase classname="Github_Project.Govardhan.allTest" name="Test1" time="9.046"/>
  <system-out/>
</testsuite> <!-- Github_Project.Govardhan.allTest -->
